::1 - - [23/Dec/2023:13:41:48 +0000] "POST /albums/create-album HTTP/1.1" 500 23 "-" "PostmanRuntime/7.36.0"
::1 - - [23/Dec/2023:13:42:14 +0000] "POST /albums/create-album HTTP/1.1" 500 23 "-" "PostmanRuntime/7.36.0"
::1 - - [23/Dec/2023:13:42:32 +0000] "POST /albums/create-album HTTP/1.1" 500 23 "-" "PostmanRuntime/7.36.0"
::1 - - [23/Dec/2023:13:44:40 +0000] "POST /albums/create-album HTTP/1.1" 500 23 "-" "PostmanRuntime/7.36.0"
::1 - - [23/Dec/2023:13:44:54 +0000] "POST /albums/create-album HTTP/1.1" 500 23 "-" "PostmanRuntime/7.36.0"
::1 - - [23/Dec/2023:13:47:09 +0000] "POST /albums/create-album HTTP/1.1" 500 23 "-" "PostmanRuntime/7.36.0"
::1 - - [23/Dec/2023:13:52:31 +0000] "POST /albums/create-album HTTP/1.1" 500 23 "-" "PostmanRuntime/7.36.0"
::1 - - [23/Dec/2023:13:52:42 +0000] "POST /albums/create-album HTTP/1.1" 500 23 "-" "PostmanRuntime/7.36.0"
::1 - - [23/Dec/2023:13:55:52 +0000] "POST /albums/create-album HTTP/1.1" 500 23 "-" "PostmanRuntime/7.36.0"
::1 - - [23/Dec/2023:14:00:38 +0000] "POST /albums/create-album HTTP/1.1" 201 1 "-" "PostmanRuntime/7.36.0"
::1 - - [23/Dec/2023:14:02:35 +0000] "POST /albums/create-album HTTP/1.1" 201 1 "-" "PostmanRuntime/7.36.0"
::1 - - [23/Dec/2023:14:02:47 +0000] "POST /albums/create-album HTTP/1.1" 201 70 "-" "PostmanRuntime/7.36.0"
::1 - - [23/Dec/2023:14:03:59 +0000] "POST /albums/create-album HTTP/1.1" 201 80 "-" "PostmanRuntime/7.36.0"
::1 - - [23/Dec/2023:14:04:21 +0000] "POST /albums/create-album HTTP/1.1" 201 80 "-" "PostmanRuntime/7.36.0"
::1 - - [23/Dec/2023:14:06:08 +0000] "POST /albums/create-album HTTP/1.1" 201 89 "-" "PostmanRuntime/7.36.0"
::1 - - [23/Dec/2023:14:09:08 +0000] "GET /albums/create-album HTTP/1.1" 500 21 "-" "PostmanRuntime/7.36.0"
::1 - - [23/Dec/2023:14:10:26 +0000] "GET /albums/create-album HTTP/1.1" 201 454 "-" "PostmanRuntime/7.36.0"
::1 - - [23/Dec/2023:14:21:18 +0000] "GET /albums/ HTTP/1.1" 200 478 "-" "PostmanRuntime/7.36.0"
::1 - - [23/Dec/2023:14:22:23 +0000] "GET /albums/ HTTP/1.1" 201 454 "-" "PostmanRuntime/7.36.0"
::1 - - [23/Dec/2023:14:23:21 +0000] "GET /albums HTTP/1.1" 201 454 "-" "PostmanRuntime/7.36.0"
::1 - - [23/Dec/2023:14:24:28 +0000] "POST /albums HTTP/1.1" 500 107 "-" "PostmanRuntime/7.36.0"
::1 - - [23/Dec/2023:14:26:22 +0000] "GET /api/albums HTTP/1.1" 201 560 "-" "PostmanRuntime/7.36.0"
